<?xml version="1.0" encoding="UTF-8"?>
<!-- Generated by org.testng.reporters.JUnitReportReporter -->
<testsuite skipped="0" hostname="DESKTOP-KH23AO5" name="testcaseLib.SearchTrainTest" tests="1" failures="0" timestamp="24 Mar 2018 21:56:53 GMT" time="7.766" errors="0">
  <testcase name="searchTrainMethod" time="7.766" classname="testcaseLib.SearchTrainTest"/>
</testsuite> <!-- testcaseLib.SearchTrainTest -->
